11-13 10:31 root         INFO     Temp directory is: /var/folders/71/l663_yxn40n1f2l111k9x7nc0000gn/T/pamPredict_91ot3oyt
11-13 10:31 root         INFO     Retriving fastas- forward and reverse from a genbanke file
11-13 10:31 root         INFO     Mapping pam to the genome
11-13 10:31 root         INFO     Retrieving target sequence for matching PAM : /var/folders/71/l663_yxn40n1f2l111k9x7nc0000gn/T/pamPredict_91ot3oyt
11-13 10:31 root         INFO     Parsing target sequence into two: 1)close12 and 2) remainingseq
11-13 10:31 root         INFO     Filtering parse target sequence based on Levenshtein distance using NMSLIB index, with knn=1
11-13 10:31 nmslib       INFO     NN                  = 10
11-13 10:31 nmslib       INFO     efConstruction_     = 10
11-13 10:31 nmslib       INFO     indexThreadQty      = 8
11-13 10:31 nmslib       INFO     useProxyDist        = 0
11-13 10:31 nmslib       INFO     Set SmallWorldRand query-time parameters:
11-13 10:31 nmslib       INFO     efSearch           =10
11-13 10:31 nmslib       INFO     algoType           =0
11-13 10:31 nmslib       INFO     Current nextNodeId: 0 futureNextNodeId + 1 after batch addition: 17999
11-13 10:31 nmslib       INFO     8 indexing threads have finished
11-13 10:31 nmslib       INFO     The number of data points: 17999 NextNodeId_ = 17999
11-13 10:31 nmslib       DEBUG    Destroying Index
11-13 10:31 root         INFO     Formatiing filter parse target sequnece as needed for pybed tools
11-13 10:31 root         INFO     Retrieving CDS/gene information for each record in the genebank file
11-13 10:31 root         ERROR    predictPAM terminated with errors. See the log file for details.
11-13 10:31 root         ERROR    'generator' object has no attribute 'readline'
